🌐 Comprehensive Real-World Survey Server running on http://localhost:3004
================================================================================
🎯 Real-World Survey Features Implemented:
  ✅ Multi-step survey flow with 6 comprehensive steps
  ✅ Multiple question types: radio, checkbox, sliders, date pickers, text
  ✅ Modal popup windows for specific survey steps
  ✅ New window/tab opening for verification steps
  ✅ Iframe-embedded content with cross-origin handling
  ✅ Advanced CAPTCHA challenges (math, visual, timing)
  ✅ Comprehensive anti-bot detection and fingerprinting
  ✅ Behavioral analysis and tracking
  ✅ Honeypot fields and form validation
  ✅ Progressive question unlocking and flow control
  ✅ Real-time bot scoring and risk assessment
================================================================================
🔬 Test your enhanced automation against this comprehensive real-world scenario!
TypeError: Found non-callable @@iterator
    at /home/brunobozic/poll-automation/demo-poll-site/comprehensive-survey-server.js:486:32
    at Layer.handle [as handle_request] (/home/brunobozic/poll-automation/demo-poll-site/node_modules/express/lib/router/layer.js:95:5)
    at next (/home/brunobozic/poll-automation/demo-poll-site/node_modules/express/lib/router/route.js:149:13)
    at Route.dispatch (/home/brunobozic/poll-automation/demo-poll-site/node_modules/express/lib/router/route.js:119:3)
    at Layer.handle [as handle_request] (/home/brunobozic/poll-automation/demo-poll-site/node_modules/express/lib/router/layer.js:95:5)
    at /home/brunobozic/poll-automation/demo-poll-site/node_modules/express/lib/router/index.js:284:15
    at Function.process_params (/home/brunobozic/poll-automation/demo-poll-site/node_modules/express/lib/router/index.js:346:12)
    at next (/home/brunobozic/poll-automation/demo-poll-site/node_modules/express/lib/router/index.js:280:10)
    at /home/brunobozic/poll-automation/demo-poll-site/comprehensive-survey-server.js:70:5
    at Layer.handle [as handle_request] (/home/brunobozic/poll-automation/demo-poll-site/node_modules/express/lib/router/layer.js:95:5)
TypeError: Found non-callable @@iterator
    at /home/brunobozic/poll-automation/demo-poll-site/comprehensive-survey-server.js:486:32
    at Layer.handle [as handle_request] (/home/brunobozic/poll-automation/demo-poll-site/node_modules/express/lib/router/layer.js:95:5)
    at next (/home/brunobozic/poll-automation/demo-poll-site/node_modules/express/lib/router/route.js:149:13)
    at Route.dispatch (/home/brunobozic/poll-automation/demo-poll-site/node_modules/express/lib/router/route.js:119:3)
    at Layer.handle [as handle_request] (/home/brunobozic/poll-automation/demo-poll-site/node_modules/express/lib/router/layer.js:95:5)
    at /home/brunobozic/poll-automation/demo-poll-site/node_modules/express/lib/router/index.js:284:15
    at Function.process_params (/home/brunobozic/poll-automation/demo-poll-site/node_modules/express/lib/router/index.js:346:12)
    at next (/home/brunobozic/poll-automation/demo-poll-site/node_modules/express/lib/router/index.js:280:10)
    at /home/brunobozic/poll-automation/demo-poll-site/comprehensive-survey-server.js:70:5
    at Layer.handle [as handle_request] (/home/brunobozic/poll-automation/demo-poll-site/node_modules/express/lib/router/layer.js:95:5)
